<?xml version="1.0" encoding="UTF-8"?>
<!-- Generated by org.testng.reporters.JUnitXMLReporter -->
<testsuite ignored="0" hostname="AAT-Fintech" failures="0" tests="6" name="Test" time="44.501" errors="0" timestamp="2025-11-03T11:47:18 IST">
  <testcase classname="testCases.TC001_AccountRegistration" name="verify_registration" time="3.69"/>
  <testcase classname="testCases.TC002_AccountLogin" name="verify_login" time="2.248"/>
  <testcase classname="testCases.TC003_DDTTesting" name="DDT_Testing" time="3.089"/>
  <testcase classname="testCases.TC003_DDTTesting" name="DDT_Testing" time="11.623"/>
  <testcase classname="testCases.TC003_DDTTesting" name="DDT_Testing" time="11.491"/>
  <testcase classname="testCases.TC003_DDTTesting" name="DDT_Testing" time="2.297"/>
</testsuite> <!-- Test -->
