<?xml version="1.0" encoding="UTF-8"?>
<testng-results ignored="0" total="2" passed="2" failed="0" skipped="0">
  <reporter-output>
  </reporter-output>
  <suite started-at="2025-11-04T12:35:10 IST" name="Suite" finished-at="2025-11-04T12:35:18 IST" duration-ms="8012">
    <groups>
      <group name="Master">
        <method signature="TC001_AccountRegistration.verify_registration()[pri:0, instance:testCases.TC001_AccountRegistration@119020fb]" name="verify_registration" class="testCases.TC001_AccountRegistration"/>
        <method signature="TC002_AccountLogin.verify_login()[pri:0, instance:testCases.TC002_AccountLogin@25e2ab5a]" name="verify_login" class="testCases.TC002_AccountLogin"/>
      </group> <!-- Master -->
      <group name="Sanity">
        <method signature="TC001_AccountRegistration.verify_registration()[pri:0, instance:testCases.TC001_AccountRegistration@119020fb]" name="verify_registration" class="testCases.TC001_AccountRegistration"/>
      </group> <!-- Sanity -->
      <group name="Regression">
        <method signature="TC002_AccountLogin.verify_login()[pri:0, instance:testCases.TC002_AccountLogin@25e2ab5a]" name="verify_login" class="testCases.TC002_AccountLogin"/>
      </group> <!-- Regression -->
    </groups>
    <test started-at="2025-11-04T12:35:10 IST" name="Test" finished-at="2025-11-04T12:35:18 IST" duration-ms="8012">
      <class name="testCases.TC001_AccountRegistration">
        <test-method is-config="true" signature="setup(java.lang.String,java.lang.String)[pri:0, instance:testCases.TC001_AccountRegistration@119020fb]" started-at="2025-11-04T12:35:10 IST" name="setup" finished-at="2025-11-04T12:35:13 IST" duration-ms="2379" status="PASS">
          <params>
            <param index="0">
              <value>
                <![CDATA[Windows]]>
              </value>
            </param>
            <param index="1">
              <value>
                <![CDATA[chrome]]>
              </value>
            </param>
          </params>
          <reporter-output>
          </reporter-output>
        </test-method> <!-- setup -->
        <test-method signature="verify_registration()[pri:0, instance:testCases.TC001_AccountRegistration@119020fb]" started-at="2025-11-04T12:35:13 IST" name="verify_registration" finished-at="2025-11-04T12:35:15 IST" duration-ms="2140" status="PASS">
          <reporter-output>
          </reporter-output>
        </test-method> <!-- verify_registration -->
        <test-method is-config="true" signature="teardown()[pri:0, instance:testCases.TC001_AccountRegistration@119020fb]" started-at="2025-11-04T12:35:15 IST" name="teardown" finished-at="2025-11-04T12:35:15 IST" duration-ms="159" status="PASS">
          <reporter-output>
          </reporter-output>
        </test-method> <!-- teardown -->
      </class> <!-- testCases.TC001_AccountRegistration -->
      <class name="testCases.TC002_AccountLogin">
        <test-method is-config="true" signature="setup(java.lang.String,java.lang.String)[pri:0, instance:testCases.TC002_AccountLogin@25e2ab5a]" started-at="2025-11-04T12:35:15 IST" name="setup" finished-at="2025-11-04T12:35:16 IST" duration-ms="1441" status="PASS">
          <params>
            <param index="0">
              <value>
                <![CDATA[Windows]]>
              </value>
            </param>
            <param index="1">
              <value>
                <![CDATA[chrome]]>
              </value>
            </param>
          </params>
          <reporter-output>
          </reporter-output>
        </test-method> <!-- setup -->
        <test-method signature="verify_login()[pri:0, instance:testCases.TC002_AccountLogin@25e2ab5a]" started-at="2025-11-04T12:35:16 IST" name="verify_login" finished-at="2025-11-04T12:35:18 IST" duration-ms="1572" status="PASS">
          <reporter-output>
          </reporter-output>
        </test-method> <!-- verify_login -->
        <test-method is-config="true" signature="teardown()[pri:0, instance:testCases.TC002_AccountLogin@25e2ab5a]" started-at="2025-11-04T12:35:18 IST" name="teardown" finished-at="2025-11-04T12:35:18 IST" duration-ms="149" status="PASS">
          <reporter-output>
          </reporter-output>
        </test-method> <!-- teardown -->
      </class> <!-- testCases.TC002_AccountLogin -->
    </test> <!-- Test -->
  </suite> <!-- Suite -->
</testng-results>
