<?xml version="1.0" encoding="UTF-8"?>
<testng-results ignored="0" total="4" passed="4" failed="0" skipped="0">
  <reporter-output>
  </reporter-output>
  <suite started-at="2025-11-04T00:06:53 IST" name="Suite" finished-at="2025-11-04T00:07:16 IST" duration-ms="23585">
    <groups>
      <group name="Master">
        <method signature="TC001_AccountRegistration.verify_registration()[pri:0, instance:testCases.TC001_AccountRegistration@1a2e2935]" name="verify_registration" class="testCases.TC001_AccountRegistration"/>
        <method signature="TC002_AccountLogin.verify_login()[pri:0, instance:testCases.TC002_AccountLogin@70925b45]" name="verify_login" class="testCases.TC002_AccountLogin"/>
        <method signature="TC001_AccountRegistration.verify_registration()[pri:0, instance:testCases.TC001_AccountRegistration@7d373bcf]" name="verify_registration" class="testCases.TC001_AccountRegistration"/>
        <method signature="TC002_AccountLogin.verify_login()[pri:0, instance:testCases.TC002_AccountLogin@6d6bc158]" name="verify_login" class="testCases.TC002_AccountLogin"/>
      </group> <!-- Master -->
      <group name="Sanity">
        <method signature="TC001_AccountRegistration.verify_registration()[pri:0, instance:testCases.TC001_AccountRegistration@1a2e2935]" name="verify_registration" class="testCases.TC001_AccountRegistration"/>
        <method signature="TC001_AccountRegistration.verify_registration()[pri:0, instance:testCases.TC001_AccountRegistration@7d373bcf]" name="verify_registration" class="testCases.TC001_AccountRegistration"/>
      </group> <!-- Sanity -->
      <group name="Regression">
        <method signature="TC002_AccountLogin.verify_login()[pri:0, instance:testCases.TC002_AccountLogin@70925b45]" name="verify_login" class="testCases.TC002_AccountLogin"/>
        <method signature="TC002_AccountLogin.verify_login()[pri:0, instance:testCases.TC002_AccountLogin@6d6bc158]" name="verify_login" class="testCases.TC002_AccountLogin"/>
      </group> <!-- Regression -->
    </groups>
    <test started-at="2025-11-04T00:06:53 IST" name="Linux-Chrome" finished-at="2025-11-04T00:07:03 IST" duration-ms="10782">
      <class name="testCases.TC001_AccountRegistration">
        <test-method is-config="true" signature="setup(java.lang.String,java.lang.String)[pri:0, instance:testCases.TC001_AccountRegistration@1a2e2935]" started-at="2025-11-04T00:06:53 IST" name="setup" finished-at="2025-11-04T00:06:57 IST" duration-ms="4339" status="PASS">
          <params>
            <param index="0">
              <value>
                <![CDATA[Linux]]>
              </value>
            </param>
            <param index="1">
              <value>
                <![CDATA[chrome]]>
              </value>
            </param>
          </params>
          <reporter-output>
          </reporter-output>
        </test-method> <!-- setup -->
        <test-method signature="verify_registration()[pri:0, instance:testCases.TC001_AccountRegistration@1a2e2935]" started-at="2025-11-04T00:06:57 IST" name="verify_registration" finished-at="2025-11-04T00:06:59 IST" duration-ms="2309" status="PASS">
          <reporter-output>
          </reporter-output>
        </test-method> <!-- verify_registration -->
        <test-method is-config="true" signature="teardown()[pri:0, instance:testCases.TC001_AccountRegistration@1a2e2935]" started-at="2025-11-04T00:06:59 IST" name="teardown" finished-at="2025-11-04T00:07:00 IST" duration-ms="97" status="PASS">
          <reporter-output>
          </reporter-output>
        </test-method> <!-- teardown -->
      </class> <!-- testCases.TC001_AccountRegistration -->
      <class name="testCases.TC002_AccountLogin">
        <test-method is-config="true" signature="setup(java.lang.String,java.lang.String)[pri:0, instance:testCases.TC002_AccountLogin@70925b45]" started-at="2025-11-04T00:07:00 IST" name="setup" finished-at="2025-11-04T00:07:02 IST" duration-ms="2232" status="PASS">
          <params>
            <param index="0">
              <value>
                <![CDATA[Linux]]>
              </value>
            </param>
            <param index="1">
              <value>
                <![CDATA[chrome]]>
              </value>
            </param>
          </params>
          <reporter-output>
          </reporter-output>
        </test-method> <!-- setup -->
        <test-method signature="verify_login()[pri:0, instance:testCases.TC002_AccountLogin@70925b45]" started-at="2025-11-04T00:07:02 IST" name="verify_login" finished-at="2025-11-04T00:07:03 IST" duration-ms="1443" status="PASS">
          <reporter-output>
          </reporter-output>
        </test-method> <!-- verify_login -->
        <test-method is-config="true" signature="teardown()[pri:0, instance:testCases.TC002_AccountLogin@70925b45]" started-at="2025-11-04T00:07:03 IST" name="teardown" finished-at="2025-11-04T00:07:03 IST" duration-ms="82" status="PASS">
          <reporter-output>
          </reporter-output>
        </test-method> <!-- teardown -->
      </class> <!-- testCases.TC002_AccountLogin -->
    </test> <!-- Linux-Chrome -->
    <test started-at="2025-11-04T00:07:05 IST" name="Linux-Firefox" finished-at="2025-11-04T00:07:16 IST" duration-ms="10882">
      <class name="testCases.TC001_AccountRegistration">
        <test-method is-config="true" signature="setup(java.lang.String,java.lang.String)[pri:0, instance:testCases.TC001_AccountRegistration@7d373bcf]" started-at="2025-11-04T00:07:05 IST" name="setup" finished-at="2025-11-04T00:07:09 IST" duration-ms="3973" status="PASS">
          <params>
            <param index="0">
              <value>
                <![CDATA[Linux]]>
              </value>
            </param>
            <param index="1">
              <value>
                <![CDATA[firefox]]>
              </value>
            </param>
          </params>
          <reporter-output>
          </reporter-output>
        </test-method> <!-- setup -->
        <test-method signature="verify_registration()[pri:0, instance:testCases.TC001_AccountRegistration@7d373bcf]" started-at="2025-11-04T00:07:09 IST" name="verify_registration" finished-at="2025-11-04T00:07:11 IST" duration-ms="1800" status="PASS">
          <reporter-output>
          </reporter-output>
        </test-method> <!-- verify_registration -->
        <test-method is-config="true" signature="teardown()[pri:0, instance:testCases.TC001_AccountRegistration@7d373bcf]" started-at="2025-11-04T00:07:11 IST" name="teardown" finished-at="2025-11-04T00:07:12 IST" duration-ms="607" status="PASS">
          <reporter-output>
          </reporter-output>
        </test-method> <!-- teardown -->
      </class> <!-- testCases.TC001_AccountRegistration -->
      <class name="testCases.TC002_AccountLogin">
        <test-method is-config="true" signature="setup(java.lang.String,java.lang.String)[pri:0, instance:testCases.TC002_AccountLogin@6d6bc158]" started-at="2025-11-04T00:07:12 IST" name="setup" finished-at="2025-11-04T00:07:14 IST" duration-ms="2659" status="PASS">
          <params>
            <param index="0">
              <value>
                <![CDATA[Linux]]>
              </value>
            </param>
            <param index="1">
              <value>
                <![CDATA[firefox]]>
              </value>
            </param>
          </params>
          <reporter-output>
          </reporter-output>
        </test-method> <!-- setup -->
        <test-method signature="verify_login()[pri:0, instance:testCases.TC002_AccountLogin@6d6bc158]" started-at="2025-11-04T00:07:14 IST" name="verify_login" finished-at="2025-11-04T00:07:16 IST" duration-ms="1221" status="PASS">
          <reporter-output>
          </reporter-output>
        </test-method> <!-- verify_login -->
        <test-method is-config="true" signature="teardown()[pri:0, instance:testCases.TC002_AccountLogin@6d6bc158]" started-at="2025-11-04T00:07:16 IST" name="teardown" finished-at="2025-11-04T00:07:16 IST" duration-ms="610" status="PASS">
          <reporter-output>
          </reporter-output>
        </test-method> <!-- teardown -->
      </class> <!-- testCases.TC002_AccountLogin -->
    </test> <!-- Linux-Firefox -->
  </suite> <!-- Suite -->
</testng-results>
