<?xml version="1.0" encoding="UTF-8"?>
<!-- Generated by org.testng.reporters.JUnitReportReporter -->
<testsuite hostname="AAT-Fintech" failures="0" tests="2" name="testCases.TC001_AccountRegistration" time="4.109" errors="0" timestamp="2025-11-04T00:07:17 IST" skipped="0">
  <testcase classname="testCases.TC001_AccountRegistration" name="verify_registration" time="1.800"/>
  <testcase classname="testCases.TC001_AccountRegistration" name="verify_registration" time="2.309"/>
</testsuite> <!-- testCases.TC001_AccountRegistration -->
