<?xml version="1.0" encoding="UTF-8"?>
<!-- Generated by org.testng.reporters.JUnitReportReporter -->
<testsuite hostname="AAT-Fintech" failures="0" tests="4" name="testCases.TC003_DDTTesting" time="28.500" errors="0" timestamp="2025-11-03T11:47:19 IST" skipped="0">
  <testcase classname="testCases.TC003_DDTTesting" name="DDT_Testing" time="3.089"/>
  <testcase classname="testCases.TC003_DDTTesting" name="DDT_Testing" time="11.491"/>
  <testcase classname="testCases.TC003_DDTTesting" name="DDT_Testing" time="2.297"/>
  <testcase classname="testCases.TC003_DDTTesting" name="DDT_Testing" time="11.623"/>
</testsuite> <!-- testCases.TC003_DDTTesting -->
